  snake.c
d:\labs\курсовой\course-project-snake\snake\snake\snake.c(77): warning C4013: 'Clear' undefined; assuming extern returning int
d:\labs\курсовой\course-project-snake\snake\snake\snake.c(78): warning C4013: 'Init' undefined; assuming extern returning int
d:\labs\курсовой\course-project-snake\snake\snake\snake.c(81): warning C4013: '_getch' undefined; assuming extern returning int
d:\labs\курсовой\course-project-snake\snake\snake\snake.c(107): warning C4013: 'time' undefined; assuming extern returning int
d:\labs\курсовой\course-project-snake\snake\snake\snake.c(152): warning C4996: 'scanf': This function or variable may be unsafe. Consider using scanf_s instead. To disable deprecation, use _CRT_SECURE_NO_WARNINGS. See online help for details.
          d:\programs\visual studio 2013\vc\include\stdio.h(283) : see declaration of 'scanf'
d:\labs\курсовой\course-project-snake\snake\snake\snake.c(186): warning C4996: 'scanf': This function or variable may be unsafe. Consider using scanf_s instead. To disable deprecation, use _CRT_SECURE_NO_WARNINGS. See online help for details.
          d:\programs\visual studio 2013\vc\include\stdio.h(283) : see declaration of 'scanf'
d:\labs\курсовой\course-project-snake\snake\snake\snake.c(218): warning C4020: 'init_lvl' : too many actual parameters
d:\labs\курсовой\course-project-snake\snake\snake\snake.c(230): warning C4013: '_kbhit' undefined; assuming extern returning int
d:\labs\курсовой\course-project-snake\snake\snake\snake.c(268): warning C4013: 'DeleteEdge' undefined; assuming extern returning int
d:\labs\курсовой\course-project-snake\snake\snake\snake.c(315): warning C4013: 'Add' undefined; assuming extern returning int
d:\labs\курсовой\course-project-snake\snake\snake\snake.c(466): warning C4020: 'init_lvl' : too many actual parameters
d:\labs\курсовой\course-project-snake\snake\snake\snake.c(474): warning C4020: 'init_lvl' : too many actual parameters
d:\labs\курсовой\course-project-snake\snake\snake\snake.c(482): warning C4020: 'init_lvl' : too many actual parameters
d:\labs\курсовой\course-project-snake\snake\snake\snake.c(490): warning C4020: 'init_lvl' : too many actual parameters
d:\labs\курсовой\course-project-snake\snake\snake\snake.c(498): warning C4020: 'init_lvl' : too many actual parameters
d:\labs\курсовой\course-project-snake\snake\snake\snake.c(506): warning C4020: 'init_lvl' : too many actual parameters
d:\labs\курсовой\course-project-snake\snake\snake\snake.c(514): warning C4020: 'init_lvl' : too many actual parameters
d:\labs\курсовой\course-project-snake\snake\snake\snake.c(529): warning C4020: 'init_lvl' : too many actual parameters
  Levels.c
d:\labs\курсовой\course-project-snake\snake\snake\levels.c(6): warning C4047: 'initializing' : 'char' differs in levels of indirection from 'void *'
d:\labs\курсовой\course-project-snake\snake\snake\levels.c(7): warning C4996: 'fopen': This function or variable may be unsafe. Consider using fopen_s instead. To disable deprecation, use _CRT_SECURE_NO_WARNINGS. See online help for details.
          d:\programs\visual studio 2013\vc\include\stdio.h(211) : see declaration of 'fopen'
d:\labs\курсовой\course-project-snake\snake\snake\levels.c(16): warning C4996: 'fscanf': This function or variable may be unsafe. Consider using fscanf_s instead. To disable deprecation, use _CRT_SECURE_NO_WARNINGS. See online help for details.
          d:\programs\visual studio 2013\vc\include\stdio.h(230) : see declaration of 'fscanf'
d:\labs\курсовой\course-project-snake\snake\snake\levels.c(19): warning C4996: 'fscanf': This function or variable may be unsafe. Consider using fscanf_s instead. To disable deprecation, use _CRT_SECURE_NO_WARNINGS. See online help for details.
          d:\programs\visual studio 2013\vc\include\stdio.h(230) : see declaration of 'fscanf'
d:\labs\курсовой\course-project-snake\snake\snake\levels.c(28): warning C4047: 'initializing' : 'char' differs in levels of indirection from 'void *'
d:\labs\курсовой\course-project-snake\snake\snake\levels.c(29): warning C4996: 'fopen': This function or variable may be unsafe. Consider using fopen_s instead. To disable deprecation, use _CRT_SECURE_NO_WARNINGS. See online help for details.
          d:\programs\visual studio 2013\vc\include\stdio.h(211) : see declaration of 'fopen'
d:\labs\курсовой\course-project-snake\snake\snake\levels.c(38): warning C4996: 'fscanf': This function or variable may be unsafe. Consider using fscanf_s instead. To disable deprecation, use _CRT_SECURE_NO_WARNINGS. See online help for details.
          d:\programs\visual studio 2013\vc\include\stdio.h(230) : see declaration of 'fscanf'
d:\labs\курсовой\course-project-snake\snake\snake\levels.c(41): warning C4996: 'fscanf': This function or variable may be unsafe. Consider using fscanf_s instead. To disable deprecation, use _CRT_SECURE_NO_WARNINGS. See online help for details.
          d:\programs\visual studio 2013\vc\include\stdio.h(230) : see declaration of 'fscanf'
d:\labs\курсовой\course-project-snake\snake\snake\levels.c(50): warning C4047: 'initializing' : 'char' differs in levels of indirection from 'void *'
d:\labs\курсовой\course-project-snake\snake\snake\levels.c(51): warning C4996: 'fopen': This function or variable may be unsafe. Consider using fopen_s instead. To disable deprecation, use _CRT_SECURE_NO_WARNINGS. See online help for details.
          d:\programs\visual studio 2013\vc\include\stdio.h(211) : see declaration of 'fopen'
d:\labs\курсовой\course-project-snake\snake\snake\levels.c(60): warning C4996: 'fscanf': This function or variable may be unsafe. Consider using fscanf_s instead. To disable deprecation, use _CRT_SECURE_NO_WARNINGS. See online help for details.
          d:\programs\visual studio 2013\vc\include\stdio.h(230) : see declaration of 'fscanf'
d:\labs\курсовой\course-project-snake\snake\snake\levels.c(63): warning C4996: 'fscanf': This function or variable may be unsafe. Consider using fscanf_s instead. To disable deprecation, use _CRT_SECURE_NO_WARNINGS. See online help for details.
          d:\programs\visual studio 2013\vc\include\stdio.h(230) : see declaration of 'fscanf'
d:\labs\курсовой\course-project-snake\snake\snake\levels.c(72): warning C4047: 'initializing' : 'char' differs in levels of indirection from 'void *'
d:\labs\курсовой\course-project-snake\snake\snake\levels.c(73): warning C4996: 'fopen': This function or variable may be unsafe. Consider using fopen_s instead. To disable deprecation, use _CRT_SECURE_NO_WARNINGS. See online help for details.
          d:\programs\visual studio 2013\vc\include\stdio.h(211) : see declaration of 'fopen'
d:\labs\курсовой\course-project-snake\snake\snake\levels.c(82): warning C4996: 'fscanf': This function or variable may be unsafe. Consider using fscanf_s instead. To disable deprecation, use _CRT_SECURE_NO_WARNINGS. See online help for details.
          d:\programs\visual studio 2013\vc\include\stdio.h(230) : see declaration of 'fscanf'
d:\labs\курсовой\course-project-snake\snake\snake\levels.c(85): warning C4996: 'fscanf': This function or variable may be unsafe. Consider using fscanf_s instead. To disable deprecation, use _CRT_SECURE_NO_WARNINGS. See online help for details.
          d:\programs\visual studio 2013\vc\include\stdio.h(230) : see declaration of 'fscanf'
d:\labs\курсовой\course-project-snake\snake\snake\levels.c(94): warning C4047: 'initializing' : 'char' differs in levels of indirection from 'void *'
d:\labs\курсовой\course-project-snake\snake\snake\levels.c(95): warning C4996: 'fopen': This function or variable may be unsafe. Consider using fopen_s instead. To disable deprecation, use _CRT_SECURE_NO_WARNINGS. See online help for details.
          d:\programs\visual studio 2013\vc\include\stdio.h(211) : see declaration of 'fopen'
d:\labs\курсовой\course-project-snake\snake\snake\levels.c(104): warning C4996: 'fscanf': This function or variable may be unsafe. Consider using fscanf_s instead. To disable deprecation, use _CRT_SECURE_NO_WARNINGS. See online help for details.
          d:\programs\visual studio 2013\vc\include\stdio.h(230) : see declaration of 'fscanf'
d:\labs\курсовой\course-project-snake\snake\snake\levels.c(107): warning C4996: 'fscanf': This function or variable may be unsafe. Consider using fscanf_s instead. To disable deprecation, use _CRT_SECURE_NO_WARNINGS. See online help for details.
          d:\programs\visual studio 2013\vc\include\stdio.h(230) : see declaration of 'fscanf'
d:\labs\курсовой\course-project-snake\snake\snake\levels.c(116): warning C4047: 'initializing' : 'char' differs in levels of indirection from 'void *'
d:\labs\курсовой\course-project-snake\snake\snake\levels.c(117): warning C4996: 'fopen': This function or variable may be unsafe. Consider using fopen_s instead. To disable deprecation, use _CRT_SECURE_NO_WARNINGS. See online help for details.
          d:\programs\visual studio 2013\vc\include\stdio.h(211) : see declaration of 'fopen'
d:\labs\курсовой\course-project-snake\snake\snake\levels.c(126): warning C4996: 'fscanf': This function or variable may be unsafe. Consider using fscanf_s instead. To disable deprecation, use _CRT_SECURE_NO_WARNINGS. See online help for details.
          d:\programs\visual studio 2013\vc\include\stdio.h(230) : see declaration of 'fscanf'
d:\labs\курсовой\course-project-snake\snake\snake\levels.c(129): warning C4996: 'fscanf': This function or variable may be unsafe. Consider using fscanf_s instead. To disable deprecation, use _CRT_SECURE_NO_WARNINGS. See online help for details.
          d:\programs\visual studio 2013\vc\include\stdio.h(230) : see declaration of 'fscanf'
d:\labs\курсовой\course-project-snake\snake\snake\levels.c(138): warning C4047: 'initializing' : 'char' differs in levels of indirection from 'void *'
d:\labs\курсовой\course-project-snake\snake\snake\levels.c(139): warning C4996: 'fopen': This function or variable may be unsafe. Consider using fopen_s instead. To disable deprecation, use _CRT_SECURE_NO_WARNINGS. See online help for details.
          d:\programs\visual studio 2013\vc\include\stdio.h(211) : see declaration of 'fopen'
d:\labs\курсовой\course-project-snake\snake\snake\levels.c(148): warning C4996: 'fscanf': This function or variable may be unsafe. Consider using fscanf_s instead. To disable deprecation, use _CRT_SECURE_NO_WARNINGS. See online help for details.
          d:\programs\visual studio 2013\vc\include\stdio.h(230) : see declaration of 'fscanf'
d:\labs\курсовой\course-project-snake\snake\snake\levels.c(151): warning C4996: 'fscanf': This function or variable may be unsafe. Consider using fscanf_s instead. To disable deprecation, use _CRT_SECURE_NO_WARNINGS. See online help for details.
          d:\programs\visual studio 2013\vc\include\stdio.h(230) : see declaration of 'fscanf'
  Generating Code...
  snake.vcxproj -> D:\Labs\курсовой\course-project-snake\snake\Debug\snake.exe
